{'0': '0', '1': '1', '2': '2', '3': '3', '4': '4', '5': '5', '6': '6', '7': '7', '8': '8', '9': '9', '10': 'A', '11': 'B', '12': 'C', '13': 'D', '14': 'E', '15': 'F', '16': 'G', '17': 'H', '18': 'I', '19': 'J', '20': 'K', '21': 'L', '22': 'M', '23': 'N', '24': 'O', '25': 'P', '26': 'Q', '27': 'R', '28': 'S', '29': 'T', '30': 'U', '31': 'V', '32': 'W', '33': 'X', '34': 'Y', '35': 'Z'}

59P789739
59P189739
81871386
81B161386
00
753400Z7
59B735294
59B135294
9T103506
59T103506
59E55040
59E155040
59X26167
59X236167
59L206377
59L206377
08236161
60B236611
3H27326
63H27326
total cnt is: 10
true rate is: 0.1
average diff_ratio is 0.834640522875817
fps is: 4.428302594370699
057674
59U157674
59H767791
59H116779
38110078
63B132004
818126810
81B126810
B7B181846
67B181846
TH719657
71H19657
9118183
59L118843
83P213173
83P213173
33N521
33M73521
08236161
116660B23
total cnt is: 20
true rate is: 0.1
average diff_ratio is 0.7803221288515407
fps is: 4.147421751887748
72F140Z
72F120741
2S2832
52S24832
591151002
90021T155
59F132210
59F113220
9E729565
59E129565
53Z11759
53Z11759
56P2138
54F72138
30H05882
30N45882
59P11918
59P141818
8G104308
800438G17
total cnt is: 30
true rate is: 0.1
average diff_ratio is 0.7573646125116713
fps is: 4.142519059655095
54L55031
54L55031
8S359169
51698S49
9A307980
59A308640
6C12000
76G112000
59T71654
59T161654
6P15739
66P15739
6N96779
54N95449
9F113230
59F113230
72C112511
72C112511
590120255
59D120255
total cnt is: 40
true rate is: 0.125
average diff_ratio is 0.766593720821662
fps is: 4.115167881333204
9H797582
59H197582
9U151771
59U151771
9C224729
599C22724
UHZ642107
92H142107
9W1590212
5H1401729
598136
59E103640
DB56062583
60B562583
590762787
59D162787
590650
59K140650
4781992
47B142642
total cnt is: 50
true rate is: 0.1
average diff_ratio is 0.7478680279129195
fps is: 4.208609231120949
4Y9716
544Y9991
591229177
59L229477
81H9707
51H49707
9U770392
59U170392
00B711557
60B711557
9X737438
59X137438
591164417
59T164417
61C1140Z
61C161407
1C26423
17C223346
707902
52U44702
total cnt is: 60
true rate is: 0.08333333333333333
average diff_ratio is 0.7474090864415939
fps is: 4.1323035375678625
0B801075
6000B8115
51L34827
51L34827
59T79Z80
T14628095
N293756
59NZ43756
59F103568
59F103568
610107911
61D107911
9H759324
59H159324
L97822593
84G122593
Q8223567
0667B2532
59X169592
59X169592
total cnt is: 70
true rate is: 0.11428571428571428
average diff_ratio is 0.7432157248864453
fps is: 4.183267643541842
23774
60C123774
90759897
59U159897
59F70424
59F170424
S798717
54S22148
9E18779
59E164239
A295804
54V25804
59T192715
59T192715
08132168
70B132168
GP259G3
66P23955
9C705899
55999C180
total cnt is: 80
true rate is: 0.1125
average diff_ratio is 0.7299531150179364
fps is: 4.2166300017015095
591231395
59L231395
93131197
5997S1113
4385452
544552S8
2V17189
62V16814
9B78978
59B134682
0B558583
60B558583
12922767
62L122767
59V20884
59V200884
936052
0659X1523
59F16Z1
59F111299
total cnt is: 90
true rate is: 0.1
average diff_ratio is 0.7188109025286521
fps is: 4.204112849250411
70L137096
70L137096
591159973
59T159973
51S93114
51114S39
59S235205
59S235205
59S236623
59663322S
79128658
79T26658
1F69090
51F69090
59P133202
59P133220
H59381
61H59381
59C13631
59C13631
total cnt is: 100
true rate is: 0.12
average diff_ratio is 0.7319179075138821
fps is: 4.214185600542527
608193113
60B111933
885B117851
78811155B
ZS987
54S22148
59S223546
9S2645537
LG9778
51L66448
7327
62H27327
2U40050
52U40005
59H133046
59H133046
59T762133
59T162133
3R83556
53R88556
total cnt is: 110
true rate is: 0.11818181818181818
average diff_ratio is 0.7224810603912766
fps is: 4.222037760020182
97794897
544L9876
718111345
71B111345
08736638
60B736638
59W703519
59103519M
59V20884
95V248800
610107911
1111D9760
59V777832
59V177832
59X79369
59X149369
85B117851
B11188557
6V63129
76V63429
total cnt is: 120
true rate is: 0.10833333333333334
average diff_ratio is 0.7174295341168402
fps is: 4.240774120089668
73017544
73G117544
9F154719
59F154719
59C23968
59C123968
7F128472
777F12842
18239897
71B239897
59U759175
59U159175
7H622Z
77H62229
59S731386
59S131386
0C123774
60C123774
9T16457
59T146457
total cnt is: 130
true rate is: 0.1
average diff_ratio is 0.728867117178024
fps is: 4.27447784921155
9E170535
59E170535
59A327980
59A308642
59C165331
59C165331
93F9907
93F94406
676105420
67E105420
591136261
59L136261
59T180182
59T186782
9G785820
59G185820
59X229799
59X256462
63811660
63B140991
total cnt is: 140
true rate is: 0.1
average diff_ratio is 0.7308668048865965
fps is: 4.290083296513688
59C200Z69
59C249200
59E165653
59E165653
12792997
54Z12997
9U109278
59U109278
4S73211
54S73211
59174063
59L154063
67H103655
H17665530
37372
77L137372
59C00507
950007C15
591173281
59Y117322
total cnt is: 150
true rate is: 0.1
average diff_ratio is 0.7329794193880876
fps is: 4.271149264700032
8X102625
53K107625
59S232928
59S232928
17780918
88L441130
93P106312
93P106312
90Z92G55
52U62655
1V44579
51V44579
59F118Z
59F142819
91181006
59L181006
2C105018
72C105018
9B107Z61
59B119220
total cnt is: 160
true rate is: 0.10625
average diff_ratio is 0.730869186068489
fps is: 4.264083027035017
6G115723
66G115723
90105661
69D105661
59P763138
59P163138
4L3066
54L39902
GP25963
56P25963
72K125476
72K125476
9C728588
69C128588
9F23865
59F123865
59129990
59L205442
74K15866
74K15866
total cnt is: 170
true rate is: 0.11176470588235295
average diff_ratio is 0.7360777103569851
fps is: 4.2720313231311335
59C139916
5C1163999
59W70z9
59M146204
16915383
49E115383
9T18210
59T101439
1H58092
51H58092
593235205
59S235205
52H99892
52H99892
59C778967
564499C18
59E165903
5599E6031
59P211120
59P211120
total cnt is: 180
true rate is: 0.11666666666666667
average diff_ratio is 0.7350782950757146
fps is: 4.281813394740034
53135614
53Y35614
1Y67665
51Y67665
4358960
54S58960
9V23815
59V234815
9H732122
59H132122
59S159559
59S159559
59811289
59S111289
1830737
51R30737
54P72138
54P72138
4L51899
54L51899
total cnt is: 190
true rate is: 0.12105263157894737
average diff_ratio is 0.7430411505464459
fps is: 4.306818918897214
59C1
59C131162
59178044
59L118044
59S168287
59S168287
2W90589
52M90589
590139619
69599U113
X6738886
49K138886
2258057
54P28057
80X275198
599X25718
1130352
51L3D352
9V216023
59V216023
total cnt is: 200
true rate is: 0.12
average diff_ratio is 0.7413973886450662
fps is: 4.32001814811701
59S236623
59S236623
8X70012
86X120012
26920687
59Z120681
121135507
72F135507
819022
81H12204
59X1
59X124340
9U799878
59U184366
59P188847
59P188847
6N10547
66N110547
59C7397P
599780C13
total cnt is: 210
true rate is: 0.12380952380952381
average diff_ratio is 0.7394325399975551
fps is: 4.316678463314647
59P152934
59P152934
98735294
55B143992
59C153993
59C153993
H7681z9
68H74213
5P9278
55P48426
8H729
68H74213
1X6707320
9K1007320
79U24621
79U24621
59P290Z1
59P211206
7E119145
37E451119
total cnt is: 220
true rate is: 0.1318181818181818
average diff_ratio is 0.7354691855272347
fps is: 4.319821903732545
591205442
59L205442
72K108989
72K108989
L3066
54L39902
9Y187304
59Y187304
595178769
59S159484
912654
59V243654
58405
59F158405
6L135224
66L135224
9E50988
59E150988
0P79720
60P71246
total cnt is: 230
true rate is: 0.13043478260869565
average diff_ratio is 0.7359553533318505
fps is: 4.317360622321165
59S168287
59S168287
7005963
7001K6359
0SA0367
70SA0367
59T155500
59T155500
H2226
47H75226
R5516273
67312R55
9P20Z610
59P201920
59F112329
59F112329
52176433
52T76433
9N193305
59N193305
total cnt is: 240
true rate is: 0.1375
average diff_ratio is 0.738918783494054
fps is: 4.312262675351717
9A9900
54V66004
77C139373
77C139373
9H719374
59H119374
9K190300
59K190300
59L206377
59L206377
54P48871
54P48871
54V81990
54V81990
51P98308
51P98308
20797879
54U46484
90785619
59D185619
total cnt is: 250
true rate is: 0.152
average diff_ratio is 0.7408872422383255
fps is: 4.326006320750965
59K184015
59K184015
76H10616
76H106161
68T90223
68T90223
59H73046
59H133046
59701978
59D101978
8G8227765
86B227765
59C25923
59C25920
9H3986
59H143986
59C228Z9
59C222687
9N776654
59N154667
total cnt is: 260
true rate is: 0.15384615384615385
average diff_ratio is 0.7439972854604311
fps is: 4.3244424230491
4T58168
4T556681
N190663
61N40663
9P24379
59P224979
9W787515
55511H78
186931215
49B131215
7B181846
667B11884
59P211206
5906211P2
5966153
59T166153
59X160210
59X160210
93201572
59S201572
total cnt is: 270
true rate is: 0.15185185185185185
average diff_ratio is 0.7426310098188318
fps is: 4.315824642489505
56T12473
54T12473
4959
54S14959
9834276
59P224376
89C100788
69C100788
69010415
40269U115
0213689
82K37689
90188Z9
59D146288
85B102836
85B102836
766189911
76G111649
59C79780
59C139780
total cnt is: 280
true rate is: 0.15
average diff_ratio is 0.7409421572272629
fps is: 4.31650881994643
4H35581
54H35581
812522
7111B2225
71S35011
71S35011
X6S814G7
5814679X2
95P26027
95P26027
85F100417
85F100417
L30352
51L33052
1H22933
5H122933
H2637326
332266H7
9822
59B122119
total cnt is: 290
true rate is: 0.15517241379310345
average diff_ratio is 0.7400639647175353
fps is: 4.315052286692401
59S24717
59S244717
107822593
84G122593
Q177792
59U177792
55546
5554X167
2H16169
2166M1963
8C119240
866C11072
7W7Z689
47M76992
9Y171364
59Y171364
59F0424
59F170424
55P41797
55P44641
total cnt is: 300
true rate is: 0.15
average diff_ratio is 0.7397778959087004
fps is: 4.314735561422398
59X154497
599X15447
9W153561
59H153561
9H15793
5599H1731
59111331
59T164831
59E708058
59E108058
1Z62705
92D142705
9035226
59U135226
187368
43G113684
59H134159
59H134159
2S79871
54S22148
total cnt is: 310
true rate is: 0.14838709677419354
average diff_ratio is 0.7384610040524847
fps is: 4.3050367669992164
59F138151
59F138151
77072938
77D112938
8E124113
78E124113
9K196591
59K196591
9P208324
5P2908324
598787231
59S187231
9N700569
59N100569
N796324
54N46324
8QP231316
9P5263311
598118892
59S124831
total cnt is: 320
true rate is: 0.146875
average diff_ratio is 0.7393832806823804
fps is: 4.297136407953716
59F123865
59F123865
7W59687
67M59687
39902
54L39902
585489
54S85489
59P229729
59P229729
598133968
53399B168
9X199217
59K199217
5209980
52U49980
1292289
62P153221
C5294
4411527C9
total cnt is: 330
true rate is: 0.1484848484848485
average diff_ratio is 0.7397660331870853
fps is: 4.286747608250773
4R1147
54R11147
9F112329
59F112329
9E153127
59E153127
59F103055
59F100355
47K108279
47K108279
3B957926
63B957926
H65519
N65519
938117085
93B117085
9073820
59D143820
6H60786
66H60786
total cnt is: 340
true rate is: 0.14705882352941177
average diff_ratio is 0.7440379637208534
fps is: 4.279573405027868
3H3295
631295H3
79N125990
79M125990
54SS2522
4455S222
60Y73914
60Y73914
93P117409
3411099P7
423213
54F23213
59N125521
N11229555
4F30096
54F30096
90100507
59C100507
9T118362
59T118362
total cnt is: 350
true rate is: 0.1457142857142857
average diff_ratio is 0.7449271951695651
fps is: 4.268122532809516
16M99Z80
16M90826
59W108275
59M157280
90765455
59D165455
66S72239
66S112239
51X9681
51X91894
77L100895
77L100895
59S236623
59223S663
2H761831
94H41831
8607
64D113241
2K117929
62K117299
total cnt is: 360
true rate is: 0.14444444444444443
average diff_ratio is 0.7426949848015372
fps is: 4.260444958220523
S8P2875
59P112875
38222794
63B222794
6V6Z98
76V63429
919150
5559910L1
593235205
555S2230
7N69618
47N69618
18628170
449B11082
1099na21888
64D121888
03Y10Z0
63Y10200
59326039
59S246039
total cnt is: 370
true rate is: 0.14054054054054055
average diff_ratio is 0.7395600306358814
fps is: 4.2488469303464
850101611
6D1111580
59C78275
59C148275
808562583
60B562583
L23B80084
38Z10084
597162133
5T9162133
598725157
59B125157
95D801179
11997D80
77X69544
77X69544
4P72138
54P72138
9F138151
59F138151
total cnt is: 380
true rate is: 0.1394736842105263
average diff_ratio is 0.7402355234657249
fps is: 4.219985890183444
355600
71S55600
70P15900
70P15900
7Y3199
77Y31694
59C252795
59C252795
8X4026
68K49407
QF168564
59F166854
9Y760811
59Y160811
86C133139
86C133139
1X7987870
64K104343
199588
54T19588
total cnt is: 390
true rate is: 0.14358974358974358
average diff_ratio is 0.7400322089111081
fps is: 4.197870941702937
60FL420
60FL7420
9C1989
59C168612
V514579
155V4449
9E14192
59E134192
8683G9L9
86B312944
51141138
51L41138
9C246326
59C224663
9W760077
59H160077
54R22733
64R22733
93K14005
93K114005
total cnt is: 400
true rate is: 0.14
average diff_ratio is 0.7398193938844088
fps is: 4.195262596526994
28032
66D080322
2F39280
5F302829
59T123977
59T123977
94D704777
94D104771
6K33694
76633K49
59D162787
59D162787
590172979
59U172979
77073937
777333C19
591184759
59L184759
6L59978
54L53444
total cnt is: 410
true rate is: 0.14146341463414633
average diff_ratio is 0.7389666105078017
fps is: 4.185573506189042
288800
38Z10084
8181G810
81B126810
55X7X9G9
54X45569
59P133202
59P122033
59H102876
59H102876
ZZ3606
51Z30606
518354
51H48354
83C717111
83C117111
19822593
84G122593
59T105297
59T105297
total cnt is: 420
true rate is: 0.14285714285714285
average diff_ratio is 0.7388538823086586
fps is: 4.178814269751618
4P1782
54P11782
9U75267
59U145267
59C201909
59C201909
609808
60X94808
97179742
59T179742
9H73727
59H143727
4X48147
5444K817
9Z118589
79Z118589
95G101643
95G101643
9P187149
599P11748
total cnt is: 430
true rate is: 0.14418604651162792
average diff_ratio is 0.7405462257400838
fps is: 4.1749727595607515
59V18775
55V14877
9E72530
59E142530
8V676Z78
6V692437
59T187564
59T187564
91106458
59L106458
59C32428
59C132428
118010
51L80104
339276
71S39276
69073670
U1076369
7812872
47B142872
total cnt is: 440
true rate is: 0.1431818181818182
average diff_ratio is 0.7397798963162736
fps is: 4.168267673842195
59S216555
59S216555
718158070
11B770085
186951183
49B151183
59F176597
59F176597
77C139373
77C133397
67L106669
67L106669
A296814
V1142866
9C2118z
59C221148
59P229729
59P229729
186220807
49B120807
total cnt is: 450
true rate is: 0.14888888888888888
average diff_ratio is 0.7399205899783811
fps is: 4.163865027035331
59021989
59C168612
2F64378
52F64378
80008797
880B60779
603816455
60B816455
9N1102
59N147102
597127957
59T127957
9TA00329
59TA00329
9V759716
59V159716
4M6324
54N46324
6F2678
36F42678
total cnt is: 460
true rate is: 0.14565217391304347
average diff_ratio is 0.7407667120125052
fps is: 4.15776528749489
9X277399
59X277399
59X268327
59X268327
59E119170
59E104744
20932301
60C232301
85S15378
855378S1
8S799169
54S81699
1G08660
49F108660
0Q23774
7706C1432
9N209050
59N209050
9C94G
59C144497
total cnt is: 470
true rate is: 0.14468085106382977
average diff_ratio is 0.7397873400085042
fps is: 4.1564748172428425
59X296553
95X235569
818737963
81B137963
7C705355
67C105355
598T67082
59S128076
9826966Z
59S229969
59X267178
51X277689
38216353
63B216353
59T159973
55999T173
59116220
59L102765
59W16378
59M156378
total cnt is: 480
true rate is: 0.14166666666666666
average diff_ratio is 0.737732946895582
fps is: 4.149044160419901
51083423
51U83423
9H70639
9H9136045
598174203
59S174203
87H103655
67H103655
97799913
55L14339
59S220617
59S220617
590650
99K140650
61726685
66L126685
511256273
5R627351
591194176
59L194176
total cnt is: 490
true rate is: 0.14081632653061224
average diff_ratio is 0.7372079847940717
fps is: 4.148851218144403
3010654
43D106544
5C61110
59C161110
59H767791
59H167791
522861
52L26661
59E153139
59E153139
1K21103
51K21103
59126667
59L214999
A6915800
59V215800
176719z10
49L101241
59N101425
59N101425
total cnt is: 500
true rate is: 0.142
average diff_ratio is 0.7375711546966963
fps is: 4.147357669659111
8LA00776
68LA00776
T12473
54T12473
54P11782
54P11782
59E129565
59E129565
4U54316
54U54316
59T10199
59T146101
5321319
65S21319
591165550
5555609T1
12F12074
72F114702
ZS0932386
958S26332
total cnt is: 510
true rate is: 0.14313725490196078
average diff_ratio is 0.7377872125008347
fps is: 4.143478187304766
93P179867
993P17786
59F103055
555F91003
4L21927
444L2265
5960077
59M160077
9P198663
566P19893
4R39587
554R3987
59C716274
59C116274
59P152639
59P152639
6G722607
76G122607
59071199
59U156141
total cnt is: 520
true rate is: 0.1423076923076923
average diff_ratio is 0.7376622824464572
fps is: 4.140542731346431
9S231606
59S231606
0875461
60B715461
S899720
63S20246
9C2099
59C244011
78142872
47B142872
9X297772
59X297772
83P167560
83P167560
431199770
444L10569
79715804
79Z15804
52Y35969
52Y35969
total cnt is: 530
true rate is: 0.14339622641509434
average diff_ratio is 0.738079124324086
fps is: 4.135079180202857
59F109031
59F109031
8B128807
48B128807
9F1927
59F149271
91223714
59L223714
9T153668
59T153668
179935224
66L135224
5X7546
55X17546
6P06
56P19074
9L2780Z0
59L220084
9E153127
59E153127
total cnt is: 540
true rate is: 0.1425925925925926
average diff_ratio is 0.7391173934711085
fps is: 4.134021416448327
59P189267
59P189267
0B813705
60B813705
5H90714
65H90714
59S228834
9S2438852
3R88556
53R88556
Z079957
54U24957
59N187173
59N138717
0Y2999
60Y22445
59E758284
59E158284
6F4678
36F42678
total cnt is: 550
true rate is: 0.14181818181818182
average diff_ratio is 0.739909605874002
fps is: 4.131556644510559
66P15967
666P1597
62335031
62S35031
59S223546
5593S4622
590143391
599334D11
D117237
47711D237
8850101611
85D101611
59P18098
59P186084
808628032
60B628032
59614516
59F164516
52F73840
52F73880
total cnt is: 560
true rate is: 0.1392857142857143
average diff_ratio is 0.7403184575112095
fps is: 4.123742125656304
9C204837
59C204837
0F204565
60F204565
9X164227
59K164227
9E16178
59E134192
9F09031
99005311F
K593099
59K113099
5Y79833
55Y19833
9V25506
59V245506
59C221098
59C221098
80B008797
86B608797
total cnt is: 570
true rate is: 0.13859649122807016
average diff_ratio is 0.7414245549771864
fps is: 4.123085268214732
59P1697Z
59P124497
59H152850
95528H150
9H752850
59H152850
91211500
59L211500
H3518
71H15518
182619580
94B119580
591205442
59L205442
9F138151
59F138151
59P108799
59P166480
59V785584
555889V14
total cnt is: 580
true rate is: 0.13620689655172413
average diff_ratio is 0.7409374496925205
fps is: 4.12286642526081
6403
61C106403
615417
5544T117
2736169
62H136169
V4574579
51V44579
59F120158
559F11208
59P194751
59P194751
59C29392
59C259392
591159973
59T159973
P54578
51P55478
2U8666
52U83666
total cnt is: 590
true rate is: 0.13559322033898305
average diff_ratio is 0.741711535113828
fps is: 4.121796334952196
4U39055
54U39055
X995114
54X95114
54P72138
54P72138
9X294270
599X22470
18671215
49B131215
59E117936
59E117936
90779751
55997711U
59P218900
59P218900
51S8605
51S84605
0828370
60063702B
total cnt is: 600
true rate is: 0.13833333333333334
average diff_ratio is 0.7425686304436303
fps is: 4.117202621831893
9P231316
9331162P5
5S15370
85S18735
599110393
59S110393
8289837
71B289837
770139373
C17773933
LR6187
54V14819
72C170989
72C170989
59X287882
59X278848
5958723
559V18723
59W781788
59M188841
total cnt is: 610
true rate is: 0.1377049180327869
average diff_ratio is 0.7415366394561186
fps is: 4.11444692888706
91736261
59L136261
84X5618
84K51618
08223567
6B2230567
9313478
59S153418
R5530201
53R50201
91231395
59L231395
59N76049
0496759N1
8726115G
92L87156
5P58876
55P56876
591177693
59L177693
total cnt is: 620
true rate is: 0.13548387096774195
average diff_ratio is 0.7409792279194556
fps is: 4.111107003730896
4R30018
54R30018
77792443
54L42443
2H51198
22H51198
59P29602
59P220947
51L82105
51L82105
9E117199
59E164141
90187671
9G1177685
9027148
59D217148
59S196877
59S144895
90133997
59U139997
total cnt is: 630
true rate is: 0.1349206349206349
average diff_ratio is 0.7403687058869131
fps is: 4.105158157830301
59V218803
59V200884
2F31770
52F31770
591232473
59L232473
2992112
54Z32177
50801179
511798D09
608193113
063111D39
72K108989
72K108989
770139373
77C139373
59E112903
59013E921
51L5520
51L54520
total cnt is: 640
true rate is: 0.134375
average diff_ratio is 0.7399973402822667
fps is: 4.099132587696882
591159973
55999T173
9P2379
59P224979
99110393
59S110393
59L23938
59L213938
15102991
75F102991
5998138559
95B195583
59V28800
59V200884
59Y742323
59Y142323
78125203
78N22503
591155500
55559T100
total cnt is: 650
true rate is: 0.13230769230769232
average diff_ratio is 0.7397557628262558
fps is: 4.095314299425932
25661
52L26661
9T105297
59T105297
9T160830
59T160830
U25965
5554U269
59Y171364
147136Y95
107929290
64C104262
54X26487
44872X65
59C25928
59C245928
59FA00591
5599FA001
59L160778
59L160778
total cnt is: 660
true rate is: 0.1318181818181818
average diff_ratio is 0.7393734985917648
fps is: 4.091250664788914
9035226
59U132265
9L223714
59L223714
C236423
71C236423
9V53310
599110335
61811345
91B131345
59V208347
59V208341
59E156347
59E156347
59U762231
59U162231
678140833
67B140833
1H27518
11H11557
total cnt is: 670
true rate is: 0.13134328358208955
average diff_ratio is 0.7396645291951656
fps is: 4.093028587005283
574533
51Z74335
5042
59P115042
59S232928
59S232928
54T56168
54T56168
7F130541
77F130541
9E126198
59E134192
59T703506
59T103506
9U139619
U11999653
858117851
85B117851
L7N69618
47N68169
total cnt is: 680
true rate is: 0.1323529411764706
average diff_ratio is 0.7399745333356016
fps is: 4.091707884691412
2P9134
544P2913
59C256237
59C256237
59F175291
59F175291
9C762293
59C162293
78769660
67B169660
671975
49H71975
59P185700
59P185700
60FP697
60FP1469
77F125389
77F125389
671975
49M71975
total cnt is: 690
true rate is: 0.13623188405797101
average diff_ratio is 0.7413218759897319
fps is: 4.084456698503966
91191651
59L191651
37H107918
37H107918
59F182787
59F182787
591116392
59L116392
59S208338
59S208338
59M789996
5M1584499
59X1
59X121394
59P203165
59P203165
59P108799
59P166480
591184759
59L184759
total cnt is: 700
true rate is: 0.14
average diff_ratio is 0.742628424784219
fps is: 4.084497938700186
90735226
59U135226
98131386
59S131386
80906370
60B206370
59E117199
59E164141
59U159175
59U159175
9T138506
559T13806
9N774939
59N174939
59U717199
59U166141
93P17409
93P117409
59X291011
59X291011
total cnt is: 710
true rate is: 0.14084507042253522
average diff_ratio is 0.7435009140604795
fps is: 4.082904431093131
51083423
51U83423
59E129660
9596621E0
8C16403
61C106403
9N776654
59N176654
59X285479
59X235479
59F131316
59F131316
9S115133
95533111S
5P67093
95570P63
84K51618
84K51618
60F150
6F150
total cnt is: 720
true rate is: 0.14166666666666666
average diff_ratio is 0.7440161601623166
fps is: 4.082983159722343
2S190734
61S40134
59N174864
59N174486
5907790
M19950077
68F55727
68F55727
79N179117
79N179117
817022
81H12204
3B436920
63B436920
590165331
59C165331
598131386
59S131386
84K30067
04K34900
total cnt is: 730
true rate is: 0.14246575342465753
average diff_ratio is 0.7445149411308926
fps is: 4.081954841540444
M790Z
47M74206
9H72990
59H104425
9831489
59B131489
718107
71B140140
59K10929
59K162404
1871856
48F1856
9H10571
59H10571
9V84031
59V184031
9S131986
59S131886
9K78987
79K78987
total cnt is: 740
true rate is: 0.14054054054054055
average diff_ratio is 0.7438966160908892
fps is: 4.0787081580851705
9A303615
59A330651
51K61392
511K6392
93P10631
93P106312
10107911
61D107911
85F114927
55F114927
72F10
7227F0411
9123938
993L25831
59T79Z80
59T108264
61H59381
16H51839
59X281467
59X281467
total cnt is: 750
true rate is: 0.14
average diff_ratio is 0.7436799864508852
fps is: 4.076730531597729
M79029
442067M7
59W797372
59M197372
9C224729
59C224729
9V183357
59V183357
1X6507320
49K107370
86B39858
86B319858
9P797255
59P197255
59C732428
9C1824235
59P178999
59P178999
77792110
4L110254
total cnt is: 760
true rate is: 0.1394736842105263
average diff_ratio is 0.7433640155740746
fps is: 4.073149715927905
59W703519
995530H11
21108347
67C108347
P815
54P81515
4S5C977
5544463S
6828
59H146828
A82
54S22148
0C165829
60C165829
4R27269
54R24924
881G713556
81G113556
6P19074
607P1495
total cnt is: 770
true rate is: 0.13766233766233765
average diff_ratio is 0.7410082494201561
fps is: 4.071898438923956
59W797580
59M197580
718111345
7111345B1
59P200263
9P2365200
598725297
559922E17
9S13478
59S153418
9U756141
U11156649
59S208082
59S228008
818161386
81B161386
59X235479
995497X25
4134538
54T34538
total cnt is: 780
true rate is: 0.1358974358974359
average diff_ratio is 0.7399390972363717
fps is: 4.070683935899878
3R97780
53R90844
63Y00Z0
63Y10200
2779072
54L29072
S293034
54S13034
9P230351
5353012P9
91202084
59L202084
790115814
79D115814
7X797483
64K47483
93175715
59S175715
4U39055
54U39055
total cnt is: 790
true rate is: 0.1341772151898734
average diff_ratio is 0.7392506979745891
fps is: 4.069760049022532
9P211120
59P211120
59E165903
556E13099
72F120613
72F120613
0B5Z88Z
06B522238
59T117207
59T177207
4L36961
54L36961
59Y108811
59608Y111
5011100678
59U184900
9P78325
59P183257
97202768
59Z202768
total cnt is: 800
true rate is: 0.13375
average diff_ratio is 0.7392214290589884
fps is: 4.069060914341868
9500839
95AA00839
9P733163
59P133163
59119Z80
59T108264
59N773948
59N173958
126926553
59Z126553
59T184807
59T184807
9F19271
59F149271
37W107918
377M11098
9N231428
59N231428
3V87976
53Y97976
total cnt is: 810
true rate is: 0.13333333333333333
average diff_ratio is 0.7396792779538465
fps is: 4.066535317865825
59XX20354
559X24039
9T156987
5599T1687
52S24832
52S22483
59F168955
59F168955
59T192270
59T192270
59P188
59P141818
5F131532
65F131532
6830
54S16830
91194178
59L194176
59K169323
59K169323
total cnt is: 820
true rate is: 0.1353658536585366
average diff_ratio is 0.7408554751858775
fps is: 4.062726973464757
20936687
66603C287
65H90714
5H491706
4N56099
55N44609
59S232386
59S232386
59T28966
59T128966
51928Z0606
51Z30606
59M121704
59M140172
59T135415
59T135415
59L231318
59L231318
9P231316
59P231316
total cnt is: 830
true rate is: 0.13734939759036144
average diff_ratio is 0.7413641067550217
fps is: 4.064410195236715
9H767791
9911H5677
2Y69779
52Y65446
72118179
72X18179
59S217831
59S227831
4291035
52F41035
4F29019
54F24106
47K108279
47K108279
68H7812
68H74213
9F10299Z
59F126626
5GP15967
666957P1
total cnt is: 840
true rate is: 0.13690476190476192
average diff_ratio is 0.7402340329662325
fps is: 4.0611892539865435
59B131149
59B131149
2K5226
7222K591
598174203
59S174203
3118779
51F84779
608337846
60B337846
59Y760271
59Y160271
59G796577
59G196577
90701985
U19918550
93735257
59S135252
38346905
63B346905
total cnt is: 850
true rate is: 0.13647058823529412
average diff_ratio is 0.7403879226865948
fps is: 4.060515017443106
K593099
59991130
59F1860
95F160138
77C139373
77C139373
59X132817
59X113287
83P167560
83P106675
80F11516
60F111465
8H8354
51H48354
598737858
59B173588
71B217157
777R27511
P6793
54P46793
total cnt is: 860
true rate is: 0.13604651162790699
average diff_ratio is 0.7397982396060927
fps is: 4.059360117122717
51R56273
51R56273
6P159G7
66P15967
72F181144
72111344F
850105960
85D105960
9T76685
59T146685
59T11654
95T145661
9P2760Z
59P220947
591296
59H141296
87S3069
54P83069
59V277481
59V218744
total cnt is: 870
true rate is: 0.135632183908046
average diff_ratio is 0.739581566879796
fps is: 4.05547910926756
5970791
9911H5077
87760
95L106778
7355600
71S55600
591154063
55613049L
590130923
9923C1503
98729117
59B129117
9U752884
59U152884
59W70212
59H121704
59P125512
59P125512
C230079
771C23009
total cnt is: 880
true rate is: 0.13522727272727272
average diff_ratio is 0.7378560728838677
fps is: 4.05131741099399
591160830
95T100836
1K38796
51K38796
9X267951
59X267951
4X1983
54X41983
R01
47R14301
77C139373
77C139373
59M190977
59M190977
197822593
84G122593
1134827
51L34827
9T788808
59T188808
total cnt is: 890
true rate is: 0.13595505617977527
average diff_ratio is 0.7386923628969769
fps is: 4.05102200531887
59W721704
59M121704
1604811
1118Z9470
59V789158
59V189158
91797457
59L197457
9H57630
79H57630
59T79742
5T1429977
59C770773
59C170773
3R97780
53R90844
53127
59E153127
72F120613
721206F13
total cnt is: 900
true rate is: 0.13444444444444445
average diff_ratio is 0.7384507971675168
fps is: 4.050282767272109
9H752512
5559H1122
9U739619
59U139619
52F7840
52F73840
5Z73400
54Z74300
2F86932
52F86932
H1811072
82204H11
8X120012
68X121002
4ST6317
54S16312
2163974
72L63974
59M187668
59M187668
total cnt is: 910
true rate is: 0.13406593406593406
average diff_ratio is 0.7387161514757383
fps is: 4.048894859825316
B7C105355
67C105355
9P230351
59P230351
70137096
9L1600773
59F10850
59F108501
77798777
54L42443
0B30279Z
60B325220
9S5804
54V25804
90251109
59C251109
593254455
59S254455
59T751002
5T1510029
total cnt is: 920
true rate is: 0.13260869565217392
average diff_ratio is 0.7377939637780312
fps is: 4.049765913307566
4Z37801
54Z31084

60FP1469
7809
54T16084
2X795969
54X45969
9G712671
59G111267
9V709
59V122709
08628032
600B68223
2F37458
52F37485
7E105420
67E105420
4P72138
54P72138
total cnt is: 930
true rate is: 0.13118279569892474
average diff_ratio is 0.7361943148196034
fps is: 4.0474850234131186
59C13183
59C113183
8Z797524
54Z87524
52F41035
52F41035
598134917
99B117453
9T156150
59T156150
79N160529
99760N125
9C230513
955C23130
18736588
61B136588
59F116711
95F111167
3F61178
63F68411
total cnt is: 940
true rate is: 0.13085106382978723
average diff_ratio is 0.7359596304803323
fps is: 4.043562224239572
0C122177
79C122177
59E168973
9973E1856
3818786
63B138786
59H78Z99
59H154289
B207999
771B02999
2H57108
62H57108
6H117550
655H1170
59F158405
59F158405
9F8660
49F108660
5326
54H15326
total cnt is: 950
true rate is: 0.13052631578947368
average diff_ratio is 0.7359823808440411
fps is: 4.040872049980302
9P220770
59P220770
00685
59S100685
08511827
60B527811
511074598
51U74598
590113629
59U113629
0T7758G
60T77586
790105
79D1D7705
4Y9347G
44Y79635
R50201
53R50201
79N179117
99111N777
total cnt is: 960
true rate is: 0.12916666666666668
average diff_ratio is 0.7358691968076658
fps is: 4.040227005561205
1645804
79Z15804
54S88080
54S88080
77F130541
77F113054
59K1301
59K18301
90251109
59C251109
59F10424
59F170424
72H5648
72H58794
9H755556
59H155556
412792
54L24264
55754G
55X17546
total cnt is: 970
true rate is: 0.12886597938144329
average diff_ratio is 0.7364134813689582
fps is: 4.039471526949631
P15955811
9P1118555
1B161878
61B161878
59H75460
554639H10
2H261831
944H1183
591167824
59L167824
886H79591
6998H17
9K139272
49K139272
18
54V14819
9V28347
59V208347
59Y702533
59Y192533
total cnt is: 980
true rate is: 0.12755102040816327
average diff_ratio is 0.7357681390554031
fps is: 4.039652265174863
9G133671
59G133671
9S791667
59S191667
5728101
54Z28101
59T766153
59T166153
98163497
5997S1436
53223882
99L123882
59T19z07
59T122043
2T76433
52T76433
59F131469
599F16413
59X122599
59K122599
total cnt is: 990
true rate is: 0.12626262626262627
average diff_ratio is 0.7357712733212329
fps is: 4.03818342355438
QP231316
59P231316
59F19786
59F129346
298722701
29B122701
9D282990
59D200428
9B132267
69B132267
598735294
5599B1324
2K109571
62K109571
98724613
59S116473
1FB779
51FB4779
9C165331
59C165331
total cnt is: 1000
true rate is: 0.125
average diff_ratio is 0.7357805073667324
fps is: 4.0356303086479315
